[2026-04-23 15:56:19] [INFO] CPU Usage: 15.54%
[2026-04-23 15:56:32] [INFO] CPU Usage: 16.17%
[2026-04-23 17:46:52] [INFO] CPU Usage: 17.67%
[2026-04-23 17:46:52] [INFO] Memory Usage: 98.22628834699659481300%
[2026-04-23 17:46:52] [INFO] Disk Usage: 4%
[2026-04-23 17:58:25] [INFO] CPU Usage: 18.16%
[2026-04-23 17:58:25] [INFO] Memory Usage: 97.49388914871650062200%
[2026-04-23 17:58:25] [INFO] Disk Usage: 4%
[2026-04-23 17:58:25] [WARNING] High Memory usage detected: 97.49388914871650062200%
[2026-04-23 18:09:26] [INFO] CPU Usage: 18.23%
[2026-04-23 18:09:26] [INFO] Memory Usage: 97.66252539992090225900%
[2026-04-23 18:09:26] [INFO] Disk Usage: 4%
[2026-04-23 18:09:26] [WARNING] High Memory usage detected: 97.66252539992090225900%
[2026-04-23 18:10:31] [INFO] CPU Usage: 19.63%
[2026-04-23 18:10:31] [INFO] Memory Usage: 97.97872532716361795900%
[2026-04-23 18:10:31] [INFO] Disk Usage: 4%
[2026-04-23 18:10:31] [WARNING] High CPU usage detected: 19.63%
[2026-04-23 18:10:31] [WARNING] Attempting to kill to CPU process
[2026-04-23 18:10:31] [INFO] Killed process with PID: 4180
[2026-04-23 18:10:31] [WARNING] High Memory usage detected: 97.97872532716361795900%
[2026-04-23 19:06:36] [INFO] CPU Usage: 15.81%
[2026-04-23 19:06:36] [INFO] Memory Usage: 98.21952559651153275100%
[2026-04-23 19:06:36] [INFO] Disk Usage: 4%
[2026-04-23 19:06:36] [WARNING] High Memory usage detected: 98.21952559651153275100%
[2026-04-23 19:07:56] [INFO] Recovery started
